keyboard-template/build/intermediates/manifest_merge_blame_file/release/processReleaseMainManifest/manifest-merger-blame-release-report.txt
1<?xml version="1.0" encoding="utf-8"?>
2<manifest xmlns:android="http://schemas.android.com/apk/res/android"
3    package="android.keyboard.template.placeholder"
4    android:versionCode="1"
5    android:versionName="1.0" >
6
7    <uses-sdk
7-->INJECTED
8        android:minSdkVersion="29"
8-->INJECTED
9        android:targetSdkVersion="36" />
9-->INJECTED
10
11    <application
11-->src/main/AndroidManifest.xml:4:5-21:19
12        android:allowBackup="false"
12-->src/main/AndroidManifest.xml:5:9-36
13        android:extractNativeLibs="false"
13-->INJECTED
14        android:label="@string/app_name"
14-->src/main/AndroidManifest.xml:6:9-41
15        android:theme="@android:style/Theme.DeviceDefault" >
15-->src/main/AndroidManifest.xml:7:9-59
16        <service
16-->src/main/AndroidManifest.xml:9:9-20:19
17            android:name="android.keyboard.template.GeneratedKeyboardService"
17-->src/main/AndroidManifest.xml:10:13-53
18            android:exported="true"
18-->src/main/AndroidManifest.xml:11:13-36
19            android:label="@string/app_name"
19-->src/main/AndroidManifest.xml:12:13-45
20            android:permission="android.permission.BIND_INPUT_METHOD" >
20-->src/main/AndroidManifest.xml:13:13-70
21            <intent-filter>
21-->src/main/AndroidManifest.xml:14:13-16:29
22                <action android:name="android.view.InputMethod" />
22-->src/main/AndroidManifest.xml:15:17-67
22-->src/main/AndroidManifest.xml:15:25-64
23            </intent-filter>
24
25            <meta-data
25-->src/main/AndroidManifest.xml:17:13-19:50
26                android:name="android.view.im"
26-->src/main/AndroidManifest.xml:18:17-47
27                android:resource="@xml/method" />
27-->src/main/AndroidManifest.xml:19:17-47
28        </service>
29    </application>
30
31</manifest>